OMP: Warning #181: OMP_PROC_BIND: ignored because KMP_AFFINITY has been defined
OMP: Warning #181: OMP_PLACES: ignored because KMP_AFFINITY has been defined
OMP: Warning #181: OMP_PROC_BIND: ignored because KMP_AFFINITY has been defined
OMP: Warning #181: OMP_PLACES: ignored because KMP_AFFINITY has been defined
2020-05-01 10:06:24.566.233 ChameleonLib R#0 T#0 (OS_TID:2551549): --> chameleon_init: VERSION 0.1.0
2020-05-01 10:06:24.566.351 ChameleonLib R#0 T#0 (OS_TID:2551549): --> COMMUNICATION_MODE=0
2020-05-01 10:06:24.566.360 ChameleonLib R#0 T#0 (OS_TID:2551549): --> ENABLE_COMM_THREAD=1
2020-05-01 10:06:24.566.365 ChameleonLib R#0 T#0 (OS_TID:2551549): --> ENABLE_TASK_MIGRATION=1
2020-05-01 10:06:24.566.370 ChameleonLib R#0 T#0 (OS_TID:2551549): --> ENABLE_EARLY_IRECVS=0
2020-05-01 10:06:24.566.376 ChameleonLib R#0 T#0 (OS_TID:2551549): --> OFFLOAD_DATA_PACKING_TYPE=2
2020-05-01 10:06:24.566.381 ChameleonLib R#0 T#0 (OS_TID:2551549): --> MPI_BLOCKING=0
2020-05-01 10:06:24.566.386 ChameleonLib R#0 T#0 (OS_TID:2551549): --> OMP_NUM_THREADS=1
2020-05-01 10:06:24.566.391 ChameleonLib R#0 T#0 (OS_TID:2551549): --> MIN_ABS_LOAD_IMBALANCE_BEFORE_MIGRATION=2.000000
2020-05-01 10:06:24.566.400 ChameleonLib R#0 T#0 (OS_TID:2551549): --> 2020-05-01 10:06:24.566.252 ChameleonLib R#1 T#0 (OS_TID:1221692): --> chameleon_init: VERSION 0.1.0
2020-05-01 10:06:24.566.368 ChameleonLib R#1 T#0 (OS_TID:1221692): --> COMMUNICATION_MODE=0
2020-05-01 10:06:24.566.377 ChameleonLib R#1 T#0 (OS_TID:1221692): --> ENABLE_COMM_THREAD=1
2020-05-01 10:06:24.566.382 ChameleonLib R#1 T#0 (OS_TID:1221692): --> ENABLE_TASK_MIGRATION=1
2020-05-01 10:06:24.566.387 ChameleonLib R#1 T#0 (OS_TID:1221692): --> ENABLE_EARLY_IRECVS=0
MIN_REL_LOAD_IMBALANCE_BEFORE_MIGRATION=0.050000
2020-05-01 10:06:24.566.407 ChameleonLib R#0 T#0 (OS_TID:2551549): --> TAG_NBITS_TASK_ID=16
2020-05-01 10:06:24.566.412 ChameleonLib R#0 T#0 (OS_TID:2551549): --> MIN_LOCAL_TASKS_IN_QUEUE_BEFORE_MIGRATION=2.000000
2020-05-01 10:06:24.566.392 ChameleonLib R#1 T#0 (OS_TID:1221692): --> OFFLOAD_DATA_PACKING_TYPE=2
2020-05-01 10:06:24.566.397 ChameleonLib R#1 T#0 (OS_TID:1221692): --> MPI_BLOCKING=0
2020-05-01 10:06:24.566.402 ChameleonLib R#1 T#0 (OS_TID:1221692): --> OMP_NUM_THREADS=1
2020-05-01 10:06:24.566.407 ChameleonLib R#1 T#0 (OS_TID:1221692): --> MIN_ABS_LOAD_IMBALANCE_BEFORE_MIGRATION=2.000000
2020-05-01 10:06:24.566.416 ChameleonLib R#1 T#0 (OS_TID:1221692): --> MIN_REL_LOAD_IMBALANCE_BEFORE_MIGRATION=0.050000
2020-05-01 10:06:24.566.417 ChameleonLib R#0 T#0 (OS_TID:2551549): --> MAX_TASKS_PER_RANK_TO_MIGRATE_AT_ONCE=1.000000
2020-05-01 10:06:24.566.422 ChameleonLib R#0 T#0 (OS_TID:2551549): --> MAX_TASKS_PER_RANK_TO_ACTIVATE_AT_ONCE=1.000000
2020-05-01 10:06:24.566.422 ChameleonLib R#1 T#0 (OS_TID:1221692): --> TAG_NBITS_TASK_ID=16
2020-05-01 10:06:24.566.428 ChameleonLib R#1 T#0 (OS_TID:1221692): --> MIN_LOCAL_TASKS_IN_QUEUE_BEFORE_MIGRATION=2.000000
2020-05-01 10:06:24.566.433 ChameleonLib R#1 T#0 (OS_TID:1221692): --> MAX_TASKS_PER_RANK_TO_MIGRATE_AT_ONCE=1.000000
2020-05-01 10:06:24.566.438 ChameleonLib R#1 T#0 (OS_TID:1221692): --> MAX_TASKS_PER_RANK_TO_ACTIVATE_AT_ONCE=1.000000
2020-05-01 10:06:24.566.443 ChameleonLib R#1 T#0 (OS_TID:1221692): --> 2020-05-01 10:06:24.566.427 ChameleonLib R#0 T#0 (OS_TID:2551549): --> PERCENTAGE_DIFF_TASKS_TO_MIGRATE=1.000000
2020-05-01 10:06:24.566.432 ChameleonLib R#0 T#0 (OS_TID:2551549): --> ENABLE_TRACE_FROM_SYNC_CYCLE=-1
PERCENTAGE_DIFF_TASKS_TO_MIGRATE=1.000000
2020-05-01 10:06:24.566.449 ChameleonLib R#1 T#0 (OS_TID:1221692): --> ENABLE_TRACE_FROM_SYNC_CYCLE=-1
2020-05-01 10:06:24.566.437 ChameleonLib R#0 T#0 (OS_TID:2551549): --> ENABLE_TRACE_TO_SYNC_CYCLE=2147483647
2020-05-01 10:06:24.566.454 ChameleonLib R#1 T#0 (OS_TID:1221692): --> ENABLE_TRACE_TO_SYNC_CYCLE=2147483647
2020-05-01 10:06:24.566.459 ChameleonLib R#1 T#0 (OS_TID:1221692): --> MAX_PERCENTAGE_REPLICATED_TASKS=0.100000
2020-05-01 10:06:24.566.510 ChameleonLib R#0 T#0 (OS_TID:2551549): --> MAX_PERCENTAGE_REPLICATED_TASKS=0.100000
2020-05-01 10:06:24.604.641 ChameleonLib R#0 T#0 (OS_TID:2551555): --> COMM_THREAD: Setting thread affinity to cores 47,95
2020-05-01 10:06:24.605.451 ChameleonLib R#1 T#0 (OS_TID:1221698): --> COMM_THREAD: Setting thread affinity to cores 47,95
Stats R#1:	_num_overall_ranks	2
Stats R#1:	_num_executed_tasks_local	3000
Stats R#1:	_num_executed_tasks_stolen	201
Stats R#1:	_num_executed_tasks_replicated_local	0
Stats R#1:	_num_executed_tasks_replicated_remote	0
Stats R#1:	_num_executed_tasks_overall	3201
Stats R#1:	_num_tasks_offloaded	0
Stats R#1:	_num_tasks_canceled	0
Stats R#1:	_num_tasks_replicated	0
Stats R#1:	_num_tasks_activated	0
Stats R#1:	_num_migration_decision_performed	450495004
Stats R#1:	_num_migration_done	0
Stats R#1:	_num_load_exchanges_performed	228590385
Stats R#1:	_num_slow_communication_operations	0
Stats R#1:	_num_migration_callback called	0
Stats R#1:	_time_migration_callback	0.000000
Stats R#1:	_count_num_task_to_offload_callback called	450495004
Stats R#1:	_time_num_task_to_offload_callback	75.204308
Stats R#0:	_num_overall_ranks	2
Stats R#0:	_num_executed_tasks_local	2799
Stats R#0:	_num_executed_tasks_stolen	0
Stats R#0:	_num_executed_tasks_replicated_local	0
Stats R#0:	_num_executed_tasks_replicated_remote	0
Stats R#0:	_num_executed_tasks_overall	2799
Stats R#0:	_num_tasks_offloaded	201
Stats R#0:	_num_tasks_canceled	0
Stats R#0:	_num_tasks_replicated	0
Stats R#0:	_num_tasks_activated	0
Stats R#0:	_num_migration_decision_performed	477072891
Stats R#0:	_num_migration_done	201
Stats R#0:	_num_load_exchanges_performed	228590385
Stats R#0:	_num_slow_communication_operations	0
Stats R#0:	_num_migration_callback called	0
Stats R#0:	_time_migration_callback	0.000000
Stats R#0:	_count_num_task_to_offload_callback called	477072891
Stats R#0:	_time_num_task_to_offload_callback	105.657084
Stats R#1:	_time_task_execution_local_sum	sum=	980.9473311901	count=	3000	mean=	0.3269824437
Stats R#1:	_time_task_execution_stolen_sum	sum=	88.3641021252	count=	201	mean=	0.4396223986
Stats R#1:	_time_task_execution_replicated_sum	sum=	0.0000000000	count=	0	mean=	0
Stats R#1:	_time_task_execution_overall_sum	sum=	1069.3114333153	count=	3201	mean=	0.3340554306
Stats R#1:	_time_encode_sum	sum=	0.0000000000	count=	0	mean=	0
Stats R#1:	_time_decode_sum	sum=	0.0030460358	count=	201	mean=	0.0000151544
Stats R#1:	_time_between_load_exchange_sum	sum=	1137.6012670994	count=	228590384	mean=	0.0000049766
Stats R#1:	_time_between_allgather_and_exchange_sum	sum=	618.7586276531	count=	228590385	mean=	0.0000027068
Stats R#1:	_time_taskwait_sum	sum=	1172.8268859386	count=	1	mean=	1172.8268859386
Stats R#1:	_time_taskwait_idling_sum	sum=	103.5154526234	count=	1	mean=	103.5154526234
Stats R#1:	_time_commthread_active_sum	sum=	1172.8268589973	count=	2	mean=	586.4134294987
Stats R#1:	_time_communication_ongoing_sum	sum=	2.4297506809	count=	1	mean=	2.4297506809
Stats R#1:	_time_data_submit_sum	sum=	0.0000000000	count=	0	mean=	0
Cumulative Stats R#1:	_time_tool_get_thread_data_sum	sum=	0.0000000000	count=	0	mean=	0
Stats R#1:	_throughput_send_sum (MB/s, not reliable)	1693018.528667
Stats R#1:	_throughput_send_count	201
Stats R#1:	_throughput_send_min (MB/s, not reliable)	sum=	1492.3176014265	count=	1	mean=	1492.3176014265
Stats R#1:	_throughput_send_max (MB/s, not reliable)	sum=	10756.4573796490	count=	1	mean=	10756.4573796490
Stats R#1:	_throughput_send_avg (MB/s, not reliable)	sum=	8422.9777545608	count=	1	mean=	8422.9777545608
Stats R#1:	_bytes_send_per_message_sum (Bytes)	1686110208.000000
Stats R#1:	_bytes_send_per_message_count	201
Stats R#1:	_bytes_send_per_message_min (Bytes)	sum=	8388608.0000000000	count=	1	mean=	8388608.0000000000
Stats R#1:	_bytes_send_per_message_max (Bytes)	sum=	8388608.0000000000	count=	1	mean=	8388608.0000000000
Stats R#1:	_bytes_send_per_message_avg (Bytes)	sum=	8388608.0000000000	count=	1	mean=	8388608.0000000000
Stats R#1:	_throughput_recv_sum (MB/s, not reliable)	308044.180322
Stats R#1:	_throughput_recv_count	201
Stats R#1:	_throughput_recv_min (MB/s, not reliable)	sum=	1195.8942810667	count=	1	mean=	1195.8942810667
Stats R#1:	_throughput_recv_max (MB/s, not reliable)	sum=	2176.9160490805	count=	1	mean=	2176.9160490805
Stats R#1:	_throughput_recv_avg (MB/s, not reliable)	sum=	1532.5581110532	count=	1	mean=	1532.5581110532
Stats R#1:	_bytes_recv_per_message_sum (Bytes)	3372223632.000000
Stats R#1:	_bytes_recv_per_message_count	201
Stats R#1:	_bytes_recv_per_message_min (Bytes)	sum=	16777232.0000000000	count=	1	mean=	16777232.0000000000
Stats R#1:	_bytes_recv_per_message_max (Bytes)	sum=	16777232.0000000000	count=	1	mean=	16777232.0000000000
Stats R#1:	_bytes_recv_per_message_avg (Bytes)	sum=	16777232.0000000000	count=	1	mean=	16777232.0000000000
Stats R#1:	_time_comm_send_sum (s, not reliable)	0.216830
Stats R#1:	_time_comm_send_count	201
Stats R#1:	_time_comm_send_min (s, not reliable)	sum=	0.0007798672	count=	1	mean=	0.0007798672
Stats R#1:	_time_comm_send_max (s, not reliable)	sum=	0.0056211948	count=	1	mean=	0.0056211948
Stats R#1:	_time_comm_send_avg (s, not reliable)	sum=	0.0010787575	count=	1	mean=	0.0010787575
Stats R#1:	_time_comm_recv_sum (s, not reliable)	2.212437
Stats R#1:	_time_comm_recv_count	201
Stats R#1:	_time_comm_recv_min (s, not reliable)	sum=	0.0077068806	count=	1	mean=	0.0077068806
Stats R#1:	_time_comm_recv_max (s, not reliable)	sum=	0.0140290260	count=	1	mean=	0.0140290260
Stats R#1:	_time_comm_recv_avg (s, not reliable)	sum=	0.0110071512	count=	1	mean=	0.0110071512
Stats R#1:	total	effective throughput=	2081.832 MB/s
Stats R#1:	task_migration_rate (tasks/s)	0.000000
Stats R#1:	task_processing_rate (tasks/s)	2.729303
Stats R#0:	_time_task_execution_local_sum	sum=	1171.6472077370	count=	2799	mean=	0.4185949295
Stats R#0:	_time_task_execution_stolen_sum	sum=	0.0000000000	count=	0	mean=	0
Stats R#0:	_time_task_execution_replicated_sum	sum=	0.0000000000	count=	0	mean=	0
Stats R#0:	_time_task_execution_overall_sum	sum=	1171.6472077370	count=	2799	mean=	0.4185949295
Stats R#0:	_time_encode_sum	sum=	0.0001614094	count=	201	mean=	0.0000008030
Stats R#0:	_time_decode_sum	sum=	0.0000000000	count=	0	mean=	0
Stats R#0:	_time_between_load_exchange_sum	sum=	1153.5834972858	count=	228590384	mean=	0.0000050465
Stats R#0:	_time_between_allgather_and_exchange_sum	sum=	624.9394299984	count=	228590385	mean=	0.0000027339
Stats R#0:	_time_taskwait_sum	sum=	1172.8272249699	count=	1	mean=	1172.8272249699
Stats R#0:	_time_taskwait_idling_sum	sum=	1.1800172329	count=	1	mean=	1.1800172329
Stats R#0:	_time_commthread_active_sum	sum=	1172.8271839619	count=	2	mean=	586.4135919809
Stats R#0:	_time_communication_ongoing_sum	sum=	1.1541254520	count=	1	mean=	1.1541254520
Stats R#0:	_time_data_submit_sum	sum=	0.0000000000	count=	0	mean=	0
Cumulative Stats R#0:	_time_tool_get_thread_data_sum	sum=	0.0000000000	count=	0	mean=	0
Stats R#0:	_throughput_send_sum (MB/s, not reliable)	736417.612462
Stats R#0:	_throughput_send_count	201
Stats R#0:	_throughput_send_min (MB/s, not reliable)	sum=	1678.4206840135	count=	1	mean=	1678.4206840135
Stats R#0:	_throughput_send_max (MB/s, not reliable)	sum=	4220.5641215109	count=	1	mean=	4220.5641215109
Stats R#0:	_throughput_send_avg (MB/s, not reliable)	sum=	3663.7692162301	count=	1	mean=	3663.7692162301
Stats R#0:	_bytes_send_per_message_sum (Bytes)	3372254988.000000
Stats R#0:	_bytes_send_per_message_count	402
Stats R#0:	_bytes_send_per_message_min (Bytes)	sum=	156.0000000000	count=	1	mean=	156.0000000000
Stats R#0:	_bytes_send_per_message_max (Bytes)	sum=	16777232.0000000000	count=	1	mean=	16777232.0000000000
Stats R#0:	_bytes_send_per_message_avg (Bytes)	sum=	8388694.0000000000	count=	1	mean=	8388694.0000000000
Stats R#0:	_throughput_recv_sum (MB/s, not reliable)	1715703.852920
Stats R#0:	_throughput_recv_count	201
Stats R#0:	_throughput_recv_min (MB/s, not reliable)	sum=	1494.2188851587	count=	1	mean=	1494.2188851587
Stats R#0:	_throughput_recv_max (MB/s, not reliable)	sum=	10937.0133941038	count=	1	mean=	10937.0133941038
Stats R#0:	_throughput_recv_avg (MB/s, not reliable)	sum=	8535.8400642771	count=	1	mean=	8535.8400642771
Stats R#0:	_bytes_recv_per_message_sum (Bytes)	1686110208.000000
Stats R#0:	_bytes_recv_per_message_count	201
Stats R#0:	_bytes_recv_per_message_min (Bytes)	sum=	8388608.0000000000	count=	1	mean=	8388608.0000000000
Stats R#0:	_bytes_recv_per_message_max (Bytes)	sum=	8388608.0000000000	count=	1	mean=	8388608.0000000000
Stats R#0:	_bytes_recv_per_message_avg (Bytes)	sum=	8388608.0000000000	count=	1	mean=	8388608.0000000000
Stats R#0:	_time_comm_send_sum (s, not reliable)	0.939800
Stats R#0:	_time_comm_send_count	201
Stats R#0:	_time_comm_send_min (s, not reliable)	sum=	0.0039751530	count=	1	mean=	0.0039751530
Stats R#0:	_time_comm_send_max (s, not reliable)	sum=	0.0099959373	count=	1	mean=	0.0099959373
Stats R#0:	_time_comm_send_avg (s, not reliable)	sum=	0.0046756208	count=	1	mean=	0.0046756208
Stats R#0:	_time_comm_recv_sum (s, not reliable)	0.214326
Stats R#0:	_time_comm_recv_count	201
Stats R#0:	_time_comm_recv_min (s, not reliable)	sum=	0.0007669926	count=	1	mean=	0.0007669926
Stats R#0:	_time_comm_recv_max (s, not reliable)	sum=	0.0056140423	count=	1	mean=	0.0056140423
Stats R#0:	_time_comm_recv_avg (s, not reliable)	sum=	0.0010662968	count=	1	mean=	0.0010662968
Stats R#0:	total	effective throughput=	4382.856 MB/s
Stats R#0:	task_migration_rate (tasks/s)	174.157844
Stats R#0:	task_processing_rate (tasks/s)	2.386541
